2025-02-28 11:34:46,351 - main - INFO - Starting fresh scrape
2025-02-28 11:34:46,351 - main - ERROR - Site crash or timeout error: Message: Unable to obtain driver for chrome; For documentation on this error, please visit: https://www.selenium.dev/documentation/webdriver/troubleshooting/errors/driver_location
. Retry attempt 1/3
2025-02-28 11:34:56,366 - main - ERROR - Site crash or timeout error: Message: Unable to obtain driver for chrome; For documentation on this error, please visit: https://www.selenium.dev/documentation/webdriver/troubleshooting/errors/driver_location
. Retry attempt 2/3
2025-02-28 11:35:06,369 - main - ERROR - Site crash or timeout error: Message: Unable to obtain driver for chrome; For documentation on this error, please visit: https://www.selenium.dev/documentation/webdriver/troubleshooting/errors/driver_location
. Retry attempt 3/3
2025-02-28 11:35:16,387 - main - ERROR - Failed to complete scraping after 3 retries
2025-02-28 11:36:27,092 - main - INFO - Starting fresh scrape
2025-02-28 11:36:38,820 - main - INFO - Navigating to URL...
2025-02-28 11:36:43,823 - main - INFO - Found element for: select state
2025-02-28 11:36:45,457 - main - INFO - Clicked on: select state
2025-02-28 11:36:49,472 - action - INFO - DataTable destroyed or not present
2025-02-28 11:36:54,473 - main - INFO - Found 12 districts
2025-02-28 11:36:54,552 - main - INFO - Processing district: EASTERN WEST KHASI HILLS
2025-02-28 11:36:59,865 - action - INFO - DataTable destroyed or not present
2025-02-28 11:37:04,881 - main - INFO - Found 2 blocks in EASTERN WEST KHASI HILLS
2025-02-28 11:37:04,925 - main - INFO - Processing block: MAIRANG
2025-02-28 11:37:10,225 - action - INFO - DataTable destroyed or not present
2025-02-28 11:37:15,242 - main - INFO - Found 42 GPs in MAIRANG
2025-02-28 11:37:15,283 - main - INFO - Processing GP: Dongbir
2025-02-28 11:37:24,428 - main - INFO - Scraping villages for GP: Dongbir, Block: MAIRANG, District: EASTERN WEST KHASI HILLS
2025-02-28 11:37:24,444 - main - INFO - Adding village: DONGBIR
2025-02-28 11:37:24,444 - main - INFO - Adding village: DONGGATE
2025-02-28 11:37:24,444 - main - INFO - Adding village: LUMARALONG
2025-02-28 11:37:24,444 - main - INFO - Adding village: SANGSHONG
2025-02-28 11:37:24,444 - main - ERROR - Error scraping villages: (builtins.TypeError) function missing required argument 'year' (pos 1)
[SQL: INSERT INTO villaname (statename, districtname, blockname, gpname, villname, timestamp) VALUES (%(statename)s, %(districtname)s, %(blockname)s, %(gpname)s, %(villname)s, %(timestamp)s)]
[parameters: [{'statename': 'MEGHALAYA', 'villname': 'DONGBIR', 'gpname': 'Dongbir', 'blockname': 'MAIRANG', 'districtname': 'EASTERN WEST KHASI HILLS'}]]
2025-02-28 11:37:24,452 - main - ERROR - Unexpected error: (builtins.TypeError) function missing required argument 'year' (pos 1)
[SQL: INSERT INTO scrapelog (dis_index, districtname, blk_index, blockname, gp_index, gpname, scrape_success, timestamp) VALUES (%(dis_index)s, %(districtname)s, %(blk_index)s, %(blockname)s, %(gp_index)s, %(gpname)s, %(scrape_success)s, %(timestamp)s)]
[parameters: [{'dis_index': 0, 'scrape_success': False, 'gpname': 'Dongbir', 'blockname': 'MAIRANG', 'gp_index': 0, 'blk_index': 0, 'districtname': 'EASTERN WEST KHASI HILLS'}]]
2025-02-28 11:37:27,389 - main - ERROR - Error in scrape_process: (builtins.TypeError) function missing required argument 'year' (pos 1)
[SQL: INSERT INTO scrapelog (dis_index, districtname, blk_index, blockname, gp_index, gpname, scrape_success, timestamp) VALUES (%(dis_index)s, %(districtname)s, %(blk_index)s, %(blockname)s, %(gp_index)s, %(gpname)s, %(scrape_success)s, %(timestamp)s)]
[parameters: [{'dis_index': 0, 'scrape_success': False, 'gpname': 'Dongbir', 'blockname': 'MAIRANG', 'gp_index': 0, 'blk_index': 0, 'districtname': 'EASTERN WEST KHASI HILLS'}]]
2025-02-28 11:44:21,222 - main - INFO - Starting fresh scrape
2025-02-28 11:44:34,517 - main - INFO - Navigating to URL...
2025-02-28 11:44:39,522 - main - INFO - Found element for: select state
2025-02-28 11:44:40,872 - main - INFO - Clicked on: select state
2025-02-28 11:44:44,890 - action - INFO - DataTable destroyed or not present
2025-02-28 11:44:49,895 - main - INFO - Found 12 districts
2025-02-28 11:44:49,961 - main - INFO - Processing district: EASTERN WEST KHASI HILLS
2025-02-28 11:44:55,256 - action - INFO - DataTable destroyed or not present
2025-02-28 11:45:00,272 - main - INFO - Found 2 blocks in EASTERN WEST KHASI HILLS
2025-02-28 11:45:00,307 - main - INFO - Processing block: MAIRANG
2025-02-28 11:45:06,321 - action - INFO - DataTable destroyed or not present
2025-02-28 11:45:11,338 - main - INFO - Found 42 GPs in MAIRANG
2025-02-28 11:45:11,376 - main - INFO - Processing GP: Dongbir
2025-02-28 11:45:20,448 - main - INFO - Scraping villages for GP: Dongbir, Block: MAIRANG, District: EASTERN WEST KHASI HILLS
2025-02-28 11:45:20,464 - main - INFO - Adding village: DONGBIR
2025-02-28 11:45:20,464 - main - INFO - Adding village: DONGGATE
2025-02-28 11:45:20,464 - main - INFO - Adding village: LUMARALONG
2025-02-28 11:45:20,464 - main - INFO - Adding village: SANGSHONG
2025-02-28 11:45:20,533 - main - INFO - Successfully added villages for Dongbir
2025-02-28 11:45:23,419 - action - INFO - Successfully clicked back button
2025-02-28 11:45:24,429 - action - INFO - DataTable destroyed or not present
2025-02-28 11:45:27,467 - main - INFO - Processing GP: Dongki-ingding
2025-02-28 11:45:37,037 - main - INFO - Scraping villages for GP: Dongki-ingding, Block: MAIRANG, District: EASTERN WEST KHASI HILLS
2025-02-28 11:45:37,037 - main - INFO - Adding village: DONGKIINGDING
2025-02-28 11:45:37,037 - main - INFO - Adding village: MAWPIAH
2025-02-28 11:45:37,037 - main - INFO - Adding village: PATHARLYNDAN
2025-02-28 11:45:37,088 - main - INFO - Successfully added villages for Dongki-ingding
2025-02-28 11:45:38,795 - action - INFO - Successfully clicked back button
2025-02-28 11:45:39,815 - action - INFO - DataTable destroyed or not present
2025-02-28 11:45:42,851 - main - INFO - Processing GP: Jakhong
2025-02-28 11:45:51,951 - main - INFO - Scraping villages for GP: Jakhong, Block: MAIRANG, District: EASTERN WEST KHASI HILLS
2025-02-28 11:45:51,951 - main - INFO - Adding village: JAKHONG
2025-02-28 11:45:51,951 - main - INFO - Adding village: UMPONGDENG
2025-02-28 11:45:51,951 - main - INFO - Adding village: UMSAKHLAWMYRIAW
2025-02-28 11:45:52,071 - main - INFO - Successfully added villages for Jakhong
2025-02-28 11:45:52,644 - action - INFO - Successfully clicked back button
2025-02-28 11:45:53,576 - action - INFO - DataTable or jQuery not detected, no action needed
2025-02-28 11:45:56,615 - main - INFO - Processing GP: Ksehmawnai
2025-02-28 11:46:00,433 - main - WARNING - Detected crashed state: form exists but data table is missing
2025-02-28 11:46:00,434 - main - WARNING - Site appears to be in a crashed state during village scraping
2025-02-28 11:46:00,556 - action - INFO - Successfully clicked back button
2025-02-28 11:46:01,568 - action - INFO - DataTable destroyed or not present
2025-02-28 11:46:04,569 - main - WARNING - Detected crashed state: form exists but data table is missing
2025-02-28 11:46:04,569 - main - INFO - Attempting to recover from site crash...
2025-02-28 11:46:10,251 - main - INFO - Site recovered after refresh
2025-02-28 11:46:30,591 - main - WARNING - Failed to re-select state after GP processing crash (attempt 1/3): Message: 
Stacktrace:
	GetHandleVerifier [0x00007FF7A4B56F15+28773]
	(No symbol) [0x00007FF7A4AC2600]
	(No symbol) [0x00007FF7A4958FAA]
	(No symbol) [0x00007FF7A49AF286]
	(No symbol) [0x00007FF7A49AF4BC]
	(No symbol) [0x00007FF7A4A02A27]
	(No symbol) [0x00007FF7A49D728F]
	(No symbol) [0x00007FF7A49FF6F3]
	(No symbol) [0x00007FF7A49D7023]
	(No symbol) [0x00007FF7A499FF5E]
	(No symbol) [0x00007FF7A49A11E3]
	GetHandleVerifier [0x00007FF7A4EA425D+3490733]
	GetHandleVerifier [0x00007FF7A4EBBA43+3586963]
	GetHandleVerifier [0x00007FF7A4EB147D+3544525]
	GetHandleVerifier [0x00007FF7A4C1C9DA+838442]
	(No symbol) [0x00007FF7A4ACD04F]
	(No symbol) [0x00007FF7A4AC9614]
	(No symbol) [0x00007FF7A4AC97B6]
	(No symbol) [0x00007FF7A4AB8CE9]
	BaseThreadInitThunk [0x00007FFF74757374+20]
	RtlUserThreadStart [0x00007FFF751DCC91+33]

2025-02-28 11:46:55,948 - main - WARNING - Failed to re-select state after GP processing crash (attempt 2/3): Message: 
Stacktrace:
	GetHandleVerifier [0x00007FF7A4B56F15+28773]
	(No symbol) [0x00007FF7A4AC2600]
	(No symbol) [0x00007FF7A4958FAA]
	(No symbol) [0x00007FF7A49AF286]
	(No symbol) [0x00007FF7A49AF4BC]
	(No symbol) [0x00007FF7A4A02A27]
	(No symbol) [0x00007FF7A49D728F]
	(No symbol) [0x00007FF7A49FF6F3]
	(No symbol) [0x00007FF7A49D7023]
	(No symbol) [0x00007FF7A499FF5E]
	(No symbol) [0x00007FF7A49A11E3]
	GetHandleVerifier [0x00007FF7A4EA425D+3490733]
	GetHandleVerifier [0x00007FF7A4EBBA43+3586963]
	GetHandleVerifier [0x00007FF7A4EB147D+3544525]
	GetHandleVerifier [0x00007FF7A4C1C9DA+838442]
	(No symbol) [0x00007FF7A4ACD04F]
	(No symbol) [0x00007FF7A4AC9614]
	(No symbol) [0x00007FF7A4AC97B6]
	(No symbol) [0x00007FF7A4AB8CE9]
	BaseThreadInitThunk [0x00007FFF74757374+20]
	RtlUserThreadStart [0x00007FFF751DCC91+33]

2025-02-28 11:47:21,272 - main - ERROR - Failed to re-select state after GP processing crash after 3 attempts: Message: 
Stacktrace:
	GetHandleVerifier [0x00007FF7A4B56F15+28773]
	(No symbol) [0x00007FF7A4AC2600]
	(No symbol) [0x00007FF7A4958FAA]
	(No symbol) [0x00007FF7A49AF286]
	(No symbol) [0x00007FF7A49AF4BC]
	(No symbol) [0x00007FF7A4A02A27]
	(No symbol) [0x00007FF7A49D728F]
	(No symbol) [0x00007FF7A49FF6F3]
	(No symbol) [0x00007FF7A49D7023]
	(No symbol) [0x00007FF7A499FF5E]
	(No symbol) [0x00007FF7A49A11E3]
	GetHandleVerifier [0x00007FF7A4EA425D+3490733]
	GetHandleVerifier [0x00007FF7A4EBBA43+3586963]
	GetHandleVerifier [0x00007FF7A4EB147D+3544525]
	GetHandleVerifier [0x00007FF7A4C1C9DA+838442]
	(No symbol) [0x00007FF7A4ACD04F]
	(No symbol) [0x00007FF7A4AC9614]
	(No symbol) [0x00007FF7A4AC97B6]
	(No symbol) [0x00007FF7A4AB8CE9]
	BaseThreadInitThunk [0x00007FFF74757374+20]
	RtlUserThreadStart [0x00007FFF751DCC91+33]

2025-02-28 11:47:21,275 - main - ERROR - Site crash or timeout error: Message: Failed to re-select state after GP processing crash recovery
. Retry attempt 1/3
2025-02-28 11:47:38,525 - main - INFO - Navigating to URL...
2025-02-28 11:47:43,526 - main - INFO - Found element for: select state
2025-02-28 11:47:43,625 - main - INFO - Clicked on: select state
2025-02-28 11:47:47,654 - action - INFO - DataTable destroyed or not present
2025-02-28 11:47:52,659 - main - INFO - Found 12 districts
2025-02-28 11:47:52,724 - main - INFO - Processing district: EASTERN WEST KHASI HILLS
2025-02-28 11:47:57,860 - action - INFO - DataTable destroyed or not present
2025-02-28 11:48:02,876 - main - INFO - Found 2 blocks in EASTERN WEST KHASI HILLS
2025-02-28 11:48:02,900 - main - INFO - Processing block: MAIRANG
2025-02-28 11:48:07,994 - action - INFO - DataTable destroyed or not present
2025-02-28 11:48:13,011 - main - INFO - Found 42 GPs in MAIRANG
2025-02-28 11:48:13,046 - main - INFO - Processing GP: Dongbir
2025-02-28 11:48:22,105 - main - INFO - Scraping villages for GP: Dongbir, Block: MAIRANG, District: EASTERN WEST KHASI HILLS
2025-02-28 11:48:22,121 - main - INFO - Adding village: DONGBIR
2025-02-28 11:48:22,121 - main - INFO - Adding village: DONGGATE
2025-02-28 11:48:22,121 - main - INFO - Adding village: LUMARALONG
2025-02-28 11:48:22,121 - main - INFO - Adding village: SANGSHONG
2025-02-28 11:48:22,226 - main - INFO - Successfully added villages for Dongbir
2025-02-28 11:48:22,871 - action - INFO - Successfully clicked back button
2025-02-28 11:48:23,439 - action - INFO - DataTable or jQuery not detected, no action needed
2025-02-28 11:48:26,473 - main - INFO - Processing GP: Dongki-ingding
2025-02-28 11:48:39,840 - urllib3.connectionpool - WARNING - Retrying (Retry(total=2, connect=None, read=None, redirect=None, status=None)) after connection broken by 'NewConnectionError('<urllib3.connection.HTTPConnection object at 0x00000190FBEEF410>: Failed to establish a new connection: [WinError 10061] No connection could be made because the target machine actively refused it')': /session/c2252a065cfa7c37ebcb7f33daffe6cb/source
2025-02-28 11:48:43,891 - urllib3.connectionpool - WARNING - Retrying (Retry(total=1, connect=None, read=None, redirect=None, status=None)) after connection broken by 'NewConnectionError('<urllib3.connection.HTTPConnection object at 0x00000190FBF14950>: Failed to establish a new connection: [WinError 10061] No connection could be made because the target machine actively refused it')': /session/c2252a065cfa7c37ebcb7f33daffe6cb/source
2025-02-28 11:48:47,941 - urllib3.connectionpool - WARNING - Retrying (Retry(total=0, connect=None, read=None, redirect=None, status=None)) after connection broken by 'NewConnectionError('<urllib3.connection.HTTPConnection object at 0x00000190FBEEFC80>: Failed to establish a new connection: [WinError 10061] No connection could be made because the target machine actively refused it')': /session/c2252a065cfa7c37ebcb7f33daffe6cb/source
2025-02-28 11:48:51,981 - main - ERROR - Error scraping villages: HTTPConnectionPool(host='localhost', port=49260): Max retries exceeded with url: /session/c2252a065cfa7c37ebcb7f33daffe6cb/source (Caused by NewConnectionError('<urllib3.connection.HTTPConnection object at 0x00000190FBEEFBF0>: Failed to establish a new connection: [WinError 10061] No connection could be made because the target machine actively refused it'))
2025-02-28 11:48:56,088 - urllib3.connectionpool - WARNING - Retrying (Retry(total=2, connect=None, read=None, redirect=None, status=None)) after connection broken by 'NewConnectionError('<urllib3.connection.HTTPConnection object at 0x00000190FBEEEDE0>: Failed to establish a new connection: [WinError 10061] No connection could be made because the target machine actively refused it')': /session/c2252a065cfa7c37ebcb7f33daffe6cb/element
2025-02-28 11:49:00,123 - urllib3.connectionpool - WARNING - Retrying (Retry(total=1, connect=None, read=None, redirect=None, status=None)) after connection broken by 'NewConnectionError('<urllib3.connection.HTTPConnection object at 0x00000190FBF4ED20>: Failed to establish a new connection: [WinError 10061] No connection could be made because the target machine actively refused it')': /session/c2252a065cfa7c37ebcb7f33daffe6cb/element
2025-02-28 11:49:04,203 - urllib3.connectionpool - WARNING - Retrying (Retry(total=0, connect=None, read=None, redirect=None, status=None)) after connection broken by 'NewConnectionError('<urllib3.connection.HTTPConnection object at 0x00000190FBF4EE70>: Failed to establish a new connection: [WinError 10061] No connection could be made because the target machine actively refused it')': /session/c2252a065cfa7c37ebcb7f33daffe6cb/element
2025-02-28 11:49:08,302 - action - ERROR - Error clicking back button: HTTPConnectionPool(host='localhost', port=49260): Max retries exceeded with url: /session/c2252a065cfa7c37ebcb7f33daffe6cb/element (Caused by NewConnectionError('<urllib3.connection.HTTPConnection object at 0x00000190FBF4F140>: Failed to establish a new connection: [WinError 10061] No connection could be made because the target machine actively refused it'))
2025-02-28 11:49:08,302 - main - ERROR - Error going back from village level: HTTPConnectionPool(host='localhost', port=49260): Max retries exceeded with url: /session/c2252a065cfa7c37ebcb7f33daffe6cb/element (Caused by NewConnectionError('<urllib3.connection.HTTPConnection object at 0x00000190FBF4F140>: Failed to establish a new connection: [WinError 10061] No connection could be made because the target machine actively refused it'))
2025-02-28 11:49:08,302 - main - INFO - Attempting to recover from site crash...
2025-02-28 11:49:12,388 - urllib3.connectionpool - WARNING - Retrying (Retry(total=2, connect=None, read=None, redirect=None, status=None)) after connection broken by 'NewConnectionError('<urllib3.connection.HTTPConnection object at 0x00000190FBF4F440>: Failed to establish a new connection: [WinError 10061] No connection could be made because the target machine actively refused it')': /session/c2252a065cfa7c37ebcb7f33daffe6cb/refresh
2025-02-28 11:49:16,460 - urllib3.connectionpool - WARNING - Retrying (Retry(total=1, connect=None, read=None, redirect=None, status=None)) after connection broken by 'NewConnectionError('<urllib3.connection.HTTPConnection object at 0x00000190FBF4F650>: Failed to establish a new connection: [WinError 10061] No connection could be made because the target machine actively refused it')': /session/c2252a065cfa7c37ebcb7f33daffe6cb/refresh
2025-02-28 11:49:20,522 - urllib3.connectionpool - WARNING - Retrying (Retry(total=0, connect=None, read=None, redirect=None, status=None)) after connection broken by 'NewConnectionError('<urllib3.connection.HTTPConnection object at 0x00000190FBF4F860>: Failed to establish a new connection: [WinError 10061] No connection could be made because the target machine actively refused it')': /session/c2252a065cfa7c37ebcb7f33daffe6cb/refresh
2025-02-28 11:49:24,618 - main - ERROR - Error during crash recovery: HTTPConnectionPool(host='localhost', port=49260): Max retries exceeded with url: /session/c2252a065cfa7c37ebcb7f33daffe6cb/refresh (Caused by NewConnectionError('<urllib3.connection.HTTPConnection object at 0x00000190FBF4FA70>: Failed to establish a new connection: [WinError 10061] No connection could be made because the target machine actively refused it'))
2025-02-28 11:49:24,618 - main - ERROR - Site crash or timeout error: Message: Failed to go back from village level
. Retry attempt 2/3
2025-02-28 11:49:28,694 - urllib3.connectionpool - WARNING - Retrying (Retry(total=2, connect=None, read=None, redirect=None, status=None)) after connection broken by 'NewConnectionError('<urllib3.connection.HTTPConnection object at 0x00000190FBF4FCB0>: Failed to establish a new connection: [WinError 10061] No connection could be made because the target machine actively refused it')': /session/c2252a065cfa7c37ebcb7f33daffe6cb
2025-02-28 11:49:32,740 - urllib3.connectionpool - WARNING - Retrying (Retry(total=1, connect=None, read=None, redirect=None, status=None)) after connection broken by 'NewConnectionError('<urllib3.connection.HTTPConnection object at 0x00000190FBF4FE90>: Failed to establish a new connection: [WinError 10061] No connection could be made because the target machine actively refused it')': /session/c2252a065cfa7c37ebcb7f33daffe6cb
2025-02-28 11:49:36,926 - urllib3.connectionpool - WARNING - Retrying (Retry(total=0, connect=None, read=None, redirect=None, status=None)) after connection broken by 'NewConnectionError('<urllib3.connection.HTTPConnection object at 0x00000190FBF88080>: Failed to establish a new connection: [WinError 10061] No connection could be made because the target machine actively refused it')': /session/c2252a065cfa7c37ebcb7f33daffe6cb
2025-02-28 11:50:03,969 - main - INFO - Navigating to URL...
2025-02-28 11:50:08,984 - main - INFO - Found element for: select state
2025-02-28 11:50:10,189 - main - INFO - Clicked on: select state
2025-02-28 11:50:14,236 - action - INFO - DataTable destroyed or not present
2025-02-28 11:50:19,248 - main - INFO - Found 12 districts
2025-02-28 11:50:19,314 - main - INFO - Processing district: EASTERN WEST KHASI HILLS
2025-02-28 11:50:24,430 - action - INFO - DataTable destroyed or not present
2025-02-28 11:50:29,452 - main - INFO - Found 2 blocks in EASTERN WEST KHASI HILLS
2025-02-28 11:50:29,504 - main - INFO - Processing block: MAIRANG
2025-02-28 11:50:34,837 - action - INFO - DataTable destroyed or not present
2025-02-28 11:50:39,861 - main - INFO - Found 42 GPs in MAIRANG
2025-02-28 11:50:39,905 - main - INFO - Processing GP: Dongbir
2025-02-28 11:50:57,327 - main - INFO - Scraping villages for GP: Dongbir, Block: MAIRANG, District: EASTERN WEST KHASI HILLS
2025-02-28 11:50:57,329 - main - INFO - Adding village: DONGBIR
2025-02-28 11:50:57,329 - main - INFO - Adding village: DONGGATE
2025-02-28 11:50:57,329 - main - INFO - Adding village: LUMARALONG
2025-02-28 11:50:57,330 - main - INFO - Adding village: SANGSHONG
2025-02-28 11:50:57,431 - main - INFO - Successfully added villages for Dongbir
2025-02-28 11:50:59,607 - action - INFO - Successfully clicked back button
2025-02-28 11:51:00,629 - action - INFO - DataTable destroyed or not present
2025-02-28 11:51:03,673 - main - INFO - Processing GP: Dongki-ingding
2025-02-28 11:51:12,805 - main - INFO - Scraping villages for GP: Dongki-ingding, Block: MAIRANG, District: EASTERN WEST KHASI HILLS
2025-02-28 11:51:12,807 - main - INFO - Adding village: DONGKIINGDING
2025-02-28 11:51:12,808 - main - INFO - Adding village: MAWPIAH
2025-02-28 11:51:12,808 - main - INFO - Adding village: PATHARLYNDAN
2025-02-28 11:51:12,904 - main - INFO - Successfully added villages for Dongki-ingding
2025-02-28 11:51:13,559 - action - INFO - Successfully clicked back button
2025-02-28 11:51:14,082 - action - INFO - DataTable or jQuery not detected, no action needed
2025-02-28 11:51:17,122 - main - INFO - Processing GP: Jakhong
2025-02-28 11:51:26,251 - main - INFO - Scraping villages for GP: Jakhong, Block: MAIRANG, District: EASTERN WEST KHASI HILLS
2025-02-28 11:51:26,252 - main - INFO - Adding village: JAKHONG
2025-02-28 11:51:26,253 - main - INFO - Adding village: UMPONGDENG
2025-02-28 11:51:26,254 - main - INFO - Adding village: UMSAKHLAWMYRIAW
2025-02-28 11:51:26,318 - main - INFO - Successfully added villages for Jakhong
2025-02-28 11:51:27,544 - action - INFO - Successfully clicked back button
2025-02-28 11:51:28,558 - action - INFO - DataTable destroyed or not present
2025-02-28 11:51:31,593 - main - INFO - Processing GP: Ksehmawnai
2025-02-28 11:51:40,601 - main - INFO - Scraping villages for GP: Ksehmawnai, Block: MAIRANG, District: EASTERN WEST KHASI HILLS
2025-02-28 11:51:40,602 - main - INFO - Adding village: DEMDNGIEM
2025-02-28 11:51:40,603 - main - INFO - Adding village: KSEHMAWNAI
2025-02-28 11:51:40,603 - main - INFO - Adding village: MAWLUMKYLLANG
2025-02-28 11:51:40,684 - main - INFO - Successfully added villages for Ksehmawnai
2025-02-28 11:51:42,043 - action - INFO - Successfully clicked back button
2025-02-28 11:51:43,091 - action - INFO - DataTable destroyed or not present
2025-02-28 11:51:46,131 - main - INFO - Processing GP: KYNRUD INCL LAITBYRSU
2025-02-28 11:51:49,969 - main - WARNING - Detected crashed state: form exists but data table is missing
2025-02-28 11:51:49,970 - main - WARNING - Site appears to be in a crashed state during village scraping
2025-02-28 11:51:50,157 - action - INFO - Successfully clicked back button
2025-02-28 11:51:51,177 - action - INFO - DataTable destroyed or not present
2025-02-28 11:51:54,193 - main - WARNING - Detected crashed state: form exists but data table is missing
2025-02-28 11:51:54,194 - main - INFO - Attempting to recover from site crash...
2025-02-28 11:52:00,189 - main - INFO - Site recovered after refresh
2025-02-28 11:52:20,573 - main - WARNING - Failed to re-select state after GP processing crash (attempt 1/3): Message: 
Stacktrace:
	GetHandleVerifier [0x00007FF7A4B56F15+28773]
	(No symbol) [0x00007FF7A4AC2600]
	(No symbol) [0x00007FF7A4958FAA]
	(No symbol) [0x00007FF7A49AF286]
	(No symbol) [0x00007FF7A49AF4BC]
	(No symbol) [0x00007FF7A4A02A27]
	(No symbol) [0x00007FF7A49D728F]
	(No symbol) [0x00007FF7A49FF6F3]
	(No symbol) [0x00007FF7A49D7023]
	(No symbol) [0x00007FF7A499FF5E]
	(No symbol) [0x00007FF7A49A11E3]
	GetHandleVerifier [0x00007FF7A4EA425D+3490733]
	GetHandleVerifier [0x00007FF7A4EBBA43+3586963]
	GetHandleVerifier [0x00007FF7A4EB147D+3544525]
	GetHandleVerifier [0x00007FF7A4C1C9DA+838442]
	(No symbol) [0x00007FF7A4ACD04F]
	(No symbol) [0x00007FF7A4AC9614]
	(No symbol) [0x00007FF7A4AC97B6]
	(No symbol) [0x00007FF7A4AB8CE9]
	BaseThreadInitThunk [0x00007FFF74757374+20]
	RtlUserThreadStart [0x00007FFF751DCC91+33]

2025-02-28 11:52:45,877 - main - WARNING - Failed to re-select state after GP processing crash (attempt 2/3): Message: 
Stacktrace:
	GetHandleVerifier [0x00007FF7A4B56F15+28773]
	(No symbol) [0x00007FF7A4AC2600]
	(No symbol) [0x00007FF7A4958FAA]
	(No symbol) [0x00007FF7A49AF286]
	(No symbol) [0x00007FF7A49AF4BC]
	(No symbol) [0x00007FF7A4A02A27]
	(No symbol) [0x00007FF7A49D728F]
	(No symbol) [0x00007FF7A49FF6F3]
	(No symbol) [0x00007FF7A49D7023]
	(No symbol) [0x00007FF7A499FF5E]
	(No symbol) [0x00007FF7A49A11E3]
	GetHandleVerifier [0x00007FF7A4EA425D+3490733]
	GetHandleVerifier [0x00007FF7A4EBBA43+3586963]
	GetHandleVerifier [0x00007FF7A4EB147D+3544525]
	GetHandleVerifier [0x00007FF7A4C1C9DA+838442]
	(No symbol) [0x00007FF7A4ACD04F]
	(No symbol) [0x00007FF7A4AC9614]
	(No symbol) [0x00007FF7A4AC97B6]
	(No symbol) [0x00007FF7A4AB8CE9]
	BaseThreadInitThunk [0x00007FFF74757374+20]
	RtlUserThreadStart [0x00007FFF751DCC91+33]

2025-02-28 11:53:11,191 - main - ERROR - Failed to re-select state after GP processing crash after 3 attempts: Message: 
Stacktrace:
	GetHandleVerifier [0x00007FF7A4B56F15+28773]
	(No symbol) [0x00007FF7A4AC2600]
	(No symbol) [0x00007FF7A4958FAA]
	(No symbol) [0x00007FF7A49AF286]
	(No symbol) [0x00007FF7A49AF4BC]
	(No symbol) [0x00007FF7A4A02A27]
	(No symbol) [0x00007FF7A49D728F]
	(No symbol) [0x00007FF7A49FF6F3]
	(No symbol) [0x00007FF7A49D7023]
	(No symbol) [0x00007FF7A499FF5E]
	(No symbol) [0x00007FF7A49A11E3]
	GetHandleVerifier [0x00007FF7A4EA425D+3490733]
	GetHandleVerifier [0x00007FF7A4EBBA43+3586963]
	GetHandleVerifier [0x00007FF7A4EB147D+3544525]
	GetHandleVerifier [0x00007FF7A4C1C9DA+838442]
	(No symbol) [0x00007FF7A4ACD04F]
	(No symbol) [0x00007FF7A4AC9614]
	(No symbol) [0x00007FF7A4AC97B6]
	(No symbol) [0x00007FF7A4AB8CE9]
	BaseThreadInitThunk [0x00007FFF74757374+20]
	RtlUserThreadStart [0x00007FFF751DCC91+33]

2025-02-28 11:53:11,251 - main - ERROR - Site crash or timeout error: Message: Failed to re-select state after GP processing crash recovery
. Retry attempt 3/3
2025-02-28 11:53:23,663 - main - ERROR - Failed to complete scraping after 3 retries
2025-02-28 12:31:21,956 - main - INFO - Starting fresh scrape
2025-02-28 12:31:35,436 - main - INFO - Navigating to URL...
2025-02-28 12:31:40,499 - main - INFO - Found element for: select state
2025-02-28 12:31:41,632 - main - INFO - Clicked on: select state
2025-02-28 12:31:45,652 - action - INFO - DataTable destroyed or not present
2025-02-28 12:31:54,705 - urllib3.connectionpool - WARNING - Retrying (Retry(total=2, connect=None, read=None, redirect=None, status=None)) after connection broken by 'NewConnectionError('<urllib3.connection.HTTPConnection object at 0x0000024321C6CE60>: Failed to establish a new connection: [WinError 10061] No connection could be made because the target machine actively refused it')': /session/226b9c14861014a721ee12a86c4687d7/elements
2025-02-28 12:31:58,801 - urllib3.connectionpool - WARNING - Retrying (Retry(total=1, connect=None, read=None, redirect=None, status=None)) after connection broken by 'NewConnectionError('<urllib3.connection.HTTPConnection object at 0x000002432537A990>: Failed to establish a new connection: [WinError 10061] No connection could be made because the target machine actively refused it')': /session/226b9c14861014a721ee12a86c4687d7/elements
2025-02-28 12:32:02,851 - urllib3.connectionpool - WARNING - Retrying (Retry(total=0, connect=None, read=None, redirect=None, status=None)) after connection broken by 'NewConnectionError('<urllib3.connection.HTTPConnection object at 0x0000024325321220>: Failed to establish a new connection: [WinError 10061] No connection could be made because the target machine actively refused it')': /session/226b9c14861014a721ee12a86c4687d7/elements
2025-02-28 12:32:26,905 - main - INFO - Starting fresh scrape
2025-02-28 12:32:32,769 - main - INFO - Navigating to URL...
2025-02-28 12:32:37,782 - main - INFO - Found element for: select state
2025-02-28 12:32:37,854 - main - INFO - Clicked on: select state
2025-02-28 12:32:41,895 - action - INFO - DataTable destroyed or not present
2025-02-28 12:32:46,915 - main - INFO - Found 12 districts
2025-02-28 12:32:46,992 - main - INFO - Processing district: EASTERN WEST KHASI HILLS
2025-02-28 12:32:51,847 - action - INFO - DataTable destroyed or not present
2025-02-28 12:32:56,864 - main - INFO - Found 2 blocks in EASTERN WEST KHASI HILLS
2025-02-28 12:32:56,898 - main - INFO - Processing block: MAIRANG
2025-02-28 12:33:01,761 - action - INFO - DataTable destroyed or not present
2025-02-28 12:33:06,768 - main - INFO - Found 42 GPs in MAIRANG
2025-02-28 12:33:06,816 - main - INFO - Processing GP: Dongbir
2025-02-28 12:33:15,626 - main - INFO - Scraping villages for GP: Dongbir, Block: MAIRANG, District: EASTERN WEST KHASI HILLS
2025-02-28 12:33:15,641 - main - INFO - Adding village: DONGBIR
2025-02-28 12:33:15,641 - main - INFO - Adding village: DONGGATE
2025-02-28 12:33:15,641 - main - INFO - Adding village: LUMARALONG
2025-02-28 12:33:15,641 - main - INFO - Adding village: SANGSHONG
2025-02-28 12:33:15,824 - main - INFO - Successfully added villages for Dongbir
2025-02-28 12:33:16,359 - action - INFO - Successfully clicked back button
2025-02-28 12:33:16,822 - action - INFO - DataTable or jQuery not detected, no action needed
2025-02-28 12:33:19,871 - main - INFO - Processing GP: Dongki-ingding
2025-02-28 12:33:28,884 - main - INFO - Scraping villages for GP: Dongki-ingding, Block: MAIRANG, District: EASTERN WEST KHASI HILLS
2025-02-28 12:33:28,884 - main - INFO - Adding village: DONGKIINGDING
2025-02-28 12:33:28,884 - main - INFO - Adding village: MAWPIAH
2025-02-28 12:33:28,884 - main - INFO - Adding village: PATHARLYNDAN
2025-02-28 12:33:28,975 - main - INFO - Successfully added villages for Dongki-ingding
2025-02-28 12:33:29,483 - action - INFO - Successfully clicked back button
2025-02-28 12:33:31,382 - action - INFO - DataTable destroyed or not present
2025-02-28 12:33:34,412 - main - INFO - Processing GP: Jakhong
2025-02-28 12:33:43,402 - main - INFO - Scraping villages for GP: Jakhong, Block: MAIRANG, District: EASTERN WEST KHASI HILLS
2025-02-28 12:33:43,402 - main - INFO - Adding village: JAKHONG
2025-02-28 12:33:43,402 - main - INFO - Adding village: UMPONGDENG
2025-02-28 12:33:43,402 - main - INFO - Adding village: UMSAKHLAWMYRIAW
2025-02-28 12:33:43,471 - main - INFO - Successfully added villages for Jakhong
2025-02-28 12:33:44,007 - action - INFO - Successfully clicked back button
2025-02-28 12:33:44,465 - action - INFO - DataTable or jQuery not detected, no action needed
2025-02-28 12:33:47,493 - main - INFO - Processing GP: Ksehmawnai
2025-02-28 12:33:56,507 - main - INFO - Scraping villages for GP: Ksehmawnai, Block: MAIRANG, District: EASTERN WEST KHASI HILLS
2025-02-28 12:33:56,507 - main - INFO - Adding village: DEMDNGIEM
2025-02-28 12:33:56,507 - main - INFO - Adding village: KSEHMAWNAI
2025-02-28 12:33:56,507 - main - INFO - Adding village: MAWLUMKYLLANG
2025-02-28 12:33:56,594 - main - INFO - Successfully added villages for Ksehmawnai
2025-02-28 12:33:57,863 - action - INFO - Successfully clicked back button
2025-02-28 12:33:58,877 - action - INFO - DataTable destroyed or not present
2025-02-28 12:34:01,910 - main - INFO - Processing GP: KYNRUD INCL LAITBYRSU
2025-02-28 12:34:10,945 - main - INFO - Scraping villages for GP: KYNRUD INCL LAITBYRSU, Block: MAIRANG, District: EASTERN WEST KHASI HILLS
2025-02-28 12:34:10,945 - main - INFO - Adding village: KYNRUD
2025-02-28 12:34:10,945 - main - INFO - Adding village: MAWIONGJADAP
2025-02-28 12:34:10,945 - main - INFO - Adding village: NONGSOHMAMAWDEMKHLA
2025-02-28 12:34:10,945 - main - INFO - Adding village: NONGSOHMAPDENGSHNONG
2025-02-28 12:34:10,945 - main - INFO - Adding village: PATHARSHIPIAH
2025-02-28 12:34:11,018 - main - INFO - Successfully added villages for KYNRUD INCL LAITBYRSU
2025-02-28 12:34:12,309 - action - INFO - Successfully clicked back button
2025-02-28 12:34:13,320 - action - INFO - DataTable destroyed or not present
2025-02-28 12:34:16,343 - main - INFO - Processing GP: Kynsew
2025-02-28 12:34:26,080 - main - INFO - Scraping villages for GP: Kynsew, Block: MAIRANG, District: EASTERN WEST KHASI HILLS
2025-02-28 12:34:26,087 - main - INFO - Adding village: KYNSEW
2025-02-28 12:34:26,087 - main - INFO - Adding village: LADMIRI
2025-02-28 12:34:26,087 - main - INFO - Adding village: MAWSAWAKYNSEW
2025-02-28 12:34:26,137 - main - INFO - Successfully added villages for Kynsew
2025-02-28 12:34:26,690 - action - INFO - Successfully clicked back button
2025-02-28 12:34:27,169 - action - INFO - DataTable or jQuery not detected, no action needed
2025-02-28 12:34:30,199 - main - INFO - Processing GP: Ladpnarrim
2025-02-28 12:34:39,263 - main - INFO - Scraping villages for GP: Ladpnarrim, Block: MAIRANG, District: EASTERN WEST KHASI HILLS
2025-02-28 12:34:39,263 - main - INFO - Adding village: LADPNARRIM
2025-02-28 12:34:39,263 - main - INFO - Adding village: LADPNARTHYMMAI
2025-02-28 12:34:39,375 - main - INFO - Successfully added villages for Ladpnarrim
2025-02-28 12:34:39,887 - action - INFO - Successfully clicked back button
2025-02-28 12:34:40,409 - action - INFO - DataTable or jQuery not detected, no action needed
2025-02-28 12:34:43,441 - main - INFO - Processing GP: Laitarted
2025-02-28 12:34:52,403 - main - INFO - Scraping villages for GP: Laitarted, Block: MAIRANG, District: EASTERN WEST KHASI HILLS
2025-02-28 12:34:52,403 - main - INFO - Adding village: LAITARTED
2025-02-28 12:34:52,403 - main - INFO - Adding village: LAITDIIANG
2025-02-28 12:34:52,403 - main - INFO - Adding village: LAITDIIANG LUMLAHSAW
2025-02-28 12:34:52,403 - main - INFO - Adding village: NONGRANGLAITARTED
2025-02-28 12:34:52,537 - main - INFO - Successfully added villages for Laitarted
2025-02-28 12:34:53,060 - action - INFO - Successfully clicked back button
2025-02-28 12:34:53,575 - action - INFO - DataTable or jQuery not detected, no action needed
2025-02-28 12:34:56,595 - main - INFO - Processing GP: Langkyrteng
2025-02-28 12:35:06,827 - main - INFO - Scraping villages for GP: Langkyrteng, Block: MAIRANG, District: EASTERN WEST KHASI HILLS
2025-02-28 12:35:06,827 - main - INFO - Adding village: DEWSAWLANGKYRTENG
2025-02-28 12:35:06,827 - main - INFO - Adding village: KHARTHANGMAW
2025-02-28 12:35:06,827 - main - INFO - Adding village: KURBAHWAR
2025-02-28 12:35:06,843 - main - INFO - Adding village: LANGKYRTENG
2025-02-28 12:35:06,843 - main - INFO - Adding village: NONGTHLIEWSHARUM
2025-02-28 12:35:06,912 - main - INFO - Successfully added villages for Langkyrteng
2025-02-28 12:35:07,490 - action - INFO - Successfully clicked back button
2025-02-28 12:35:08,131 - action - INFO - DataTable or jQuery not detected, no action needed
2025-02-28 12:35:11,164 - main - INFO - Processing GP: Langstiehrim
2025-02-28 12:35:20,026 - main - INFO - Scraping villages for GP: Langstiehrim, Block: MAIRANG, District: EASTERN WEST KHASI HILLS
2025-02-28 12:35:20,026 - main - INFO - Adding village: DOMMAWLUM
2025-02-28 12:35:20,041 - main - INFO - Adding village: LANGSTIEHRIM
2025-02-28 12:35:20,041 - main - INFO - Adding village: LUMIEW
2025-02-28 12:35:20,041 - main - INFO - Adding village: MAWSAWA
2025-02-28 12:35:20,041 - main - INFO - Adding village: MAWTHARAP
2025-02-28 12:35:20,151 - main - INFO - Successfully added villages for Langstiehrim
2025-02-28 12:35:20,750 - action - INFO - Successfully clicked back button
2025-02-28 12:35:21,260 - action - INFO - DataTable or jQuery not detected, no action needed
2025-02-28 12:35:24,279 - main - ERROR - Unexpected error: list index out of range
2025-02-28 12:35:27,277 - main - ERROR - Error in scrape_process: list index out of range
